<?xml version="1.0" encoding="UTF-8"?>
<!-- Generated by org.testng.reporters.JUnitReportReporter -->
<testsuite hostname="Karthick" name="com.product.tests.MenuTests" tests="1" failures="0" timestamp="7 Jul 2020 03:42:05 GMT" time="0.360" errors="0">
  <testcase name="validateAboutUs" time="0.360" classname="com.product.tests.MenuTests"/>
</testsuite> <!-- com.product.tests.MenuTests -->
