<?xml version="1.0" encoding="UTF-8"?>
<!-- Generated by org.testng.reporters.JUnitReportReporter -->
<testsuite hostname="Karthick" name="com.product.tests.MenuTests" tests="1" failures="0" timestamp="14 Jul 2020 05:26:09 GMT" time="0.191" errors="0">
  <testcase name="validateAboutUs" time="0.191" classname="com.product.tests.MenuTests"/>
</testsuite> <!-- com.product.tests.MenuTests -->
